Sender: LSF System <lsfadmin@polus-c1-ib.bmc.hpc.cs.msu.ru>
Subject: Job 879775: <#BSUB -n 1;#BSUB -W 00:15;#BSUB -o "my_job.%J.300.4.out";#BSUB -e "my_job.%J.300.4.err";#BSUB -R "span[hosts=1]";OMP_NUM_THREADS=4;./parallel_algorithm 300 4 slae_300> in cluster <MSUCluster> Done

Job <#BSUB -n 1;#BSUB -W 00:15;#BSUB -o "my_job.%J.300.4.out";#BSUB -e "my_job.%J.300.4.err";#BSUB -R "span[hosts=1]";OMP_NUM_THREADS=4;./parallel_algorithm 300 4 slae_300> was submitted from host <polus-ib.bmc.hpc.cs.msu.ru> by user <edu-cmc-sqi21-13> in cluster <MSUCluster> at Fri May  6 15:54:54 2022
Job was executed on host(s) <polus-c1-ib.bmc.hpc.cs.msu.ru>, in queue <short>, as user <edu-cmc-sqi21-13> in cluster <MSUCluster> at Fri May  6 15:54:55 2022
</home_edu/edu-cmc-sqi21/edu-cmc-sqi21-13> was used as the home directory.
</home_edu/edu-cmc-sqi21/edu-cmc-sqi21-13/task1> was used as the working directory.
Started at Fri May  6 15:54:55 2022
Terminated at Fri May  6 15:54:56 2022
Results reported at Fri May  6 15:54:56 2022

Your job looked like:

------------------------------------------------------------
# LSBATCH: User input
#BSUB -n 1
#BSUB -W 00:15
#BSUB -o "my_job.%J.300.4.out"
#BSUB -e "my_job.%J.300.4.err"
#BSUB -R "span[hosts=1]"
OMP_NUM_THREADS=4
./parallel_algorithm 300 4 slae_300

------------------------------------------------------------

Successfully completed.

Resource usage summary:

    CPU time :                                   0.12 sec.
    Max Memory :                                 4 MB
    Average Memory :                             2.00 MB
    Total Requested Memory :                     -
    Delta Memory :                               -
    Max Swap :                                   -
    Max Processes :                              1
    Max Threads :                                1
    Run time :                                   1 sec.
    Turnaround time :                            2 sec.

The output (if any) follows:

Time to get upper triangular form (T1): 0.025046
Time to calculate reverse gauss method (T2): 0.000072
Norm of solution difference: 1.08301e-11
Slae residual norm: 1.23619e-09


PS:

Read file <my_job.879775.300.4.err> for stderr output of this job.

