Sender: LSF System <lsfadmin@polus-c1-ib.bmc.hpc.cs.msu.ru>
Subject: Job 879751: <#BSUB -n 3;#BSUB -W 00:15;#BSUB -o "my_job.%J.1000.16.out";#BSUB -e "my_job.%J.1000.16.err";#BSUB -R "span[hosts=1]";OMP_NUM_THREADS=16;./parallel_algorithm 1000 16 slae_1000> in cluster <MSUCluster> Done

Job <#BSUB -n 3;#BSUB -W 00:15;#BSUB -o "my_job.%J.1000.16.out";#BSUB -e "my_job.%J.1000.16.err";#BSUB -R "span[hosts=1]";OMP_NUM_THREADS=16;./parallel_algorithm 1000 16 slae_1000> was submitted from host <polus-ib.bmc.hpc.cs.msu.ru> by user <edu-cmc-sqi21-13> in cluster <MSUCluster> at Fri May  6 13:04:08 2022
Job was executed on host(s) <3*polus-c1-ib.bmc.hpc.cs.msu.ru>, in queue <short>, as user <edu-cmc-sqi21-13> in cluster <MSUCluster> at Fri May  6 13:08:16 2022
</home_edu/edu-cmc-sqi21/edu-cmc-sqi21-13> was used as the home directory.
</home_edu/edu-cmc-sqi21/edu-cmc-sqi21-13/task1> was used as the working directory.
Started at Fri May  6 13:08:16 2022
Terminated at Fri May  6 13:08:17 2022
Results reported at Fri May  6 13:08:17 2022

Your job looked like:

------------------------------------------------------------
# LSBATCH: User input
#BSUB -n 3
#BSUB -W 00:15
#BSUB -o "my_job.%J.1000.16.out"
#BSUB -e "my_job.%J.1000.16.err"
#BSUB -R "span[hosts=1]"
OMP_NUM_THREADS=16
./parallel_algorithm 1000 16 slae_1000

------------------------------------------------------------

Successfully completed.

Resource usage summary:

    CPU time :                                   4.98 sec.
    Max Memory :                                 1 MB
    Average Memory :                             1.00 MB
    Total Requested Memory :                     -
    Delta Memory :                               -
    Max Swap :                                   -
    Max Processes :                              1
    Max Threads :                                1
    Run time :                                   1 sec.
    Turnaround time :                            249 sec.

The output (if any) follows:

Time to get upper triangular form (T1): 0.247614
Time to calculate reverse gauss method (T2): 0.000811
Norm of solution difference: 1.82449e-09
Slae residual norm: 7.56072e-09


PS:

Read file <my_job.879751.1000.16.err> for stderr output of this job.

