Sender: LSF System <lsfadmin@polus-c1-ib.bmc.hpc.cs.msu.ru>
Subject: Job 879764: <#BSUB -n 5;#BSUB -W 00:15;#BSUB -o "my_job.%J.6000.32.out";#BSUB -e "my_job.%J.6000.32.err";#BSUB -R "span[hosts=1]";OMP_NUM_THREADS=32;./parallel_algorithm 6000 32 slae_6000> in cluster <MSUCluster> Done

Job <#BSUB -n 5;#BSUB -W 00:15;#BSUB -o "my_job.%J.6000.32.out";#BSUB -e "my_job.%J.6000.32.err";#BSUB -R "span[hosts=1]";OMP_NUM_THREADS=32;./parallel_algorithm 6000 32 slae_6000> was submitted from host <polus-ib.bmc.hpc.cs.msu.ru> by user <edu-cmc-sqi21-13> in cluster <MSUCluster> at Fri May  6 13:04:08 2022
Job was executed on host(s) <5*polus-c1-ib.bmc.hpc.cs.msu.ru>, in queue <short>, as user <edu-cmc-sqi21-13> in cluster <MSUCluster> at Fri May  6 13:09:52 2022
</home_edu/edu-cmc-sqi21/edu-cmc-sqi21-13> was used as the home directory.
</home_edu/edu-cmc-sqi21/edu-cmc-sqi21-13/task1> was used as the working directory.
Started at Fri May  6 13:09:52 2022
Terminated at Fri May  6 13:10:53 2022
Results reported at Fri May  6 13:10:53 2022

Your job looked like:

------------------------------------------------------------
# LSBATCH: User input
#BSUB -n 5
#BSUB -W 00:15
#BSUB -o "my_job.%J.6000.32.out"
#BSUB -e "my_job.%J.6000.32.err"
#BSUB -R "span[hosts=1]"
OMP_NUM_THREADS=32
./parallel_algorithm 6000 32 slae_6000

------------------------------------------------------------

Successfully completed.

Resource usage summary:

    CPU time :                                   1749.04 sec.
    Max Memory :                                 284 MB
    Average Memory :                             258.45 MB
    Total Requested Memory :                     -
    Delta Memory :                               -
    Max Swap :                                   -
    Max Processes :                              4
    Max Threads :                                36
    Run time :                                   61 sec.
    Turnaround time :                            405 sec.

The output (if any) follows:

Time to get upper triangular form (T1): 51.152127
Time to calculate reverse gauss method (T2): 0.036576
Norm of solution difference: 2.42504e-09
Slae residual norm: 1.15001e-07


PS:

Read file <my_job.879764.6000.32.err> for stderr output of this job.

