Sender: LSF System <lsfadmin@polus-c1-ib.bmc.hpc.cs.msu.ru>
Subject: Job 879759: <#BSUB -n 1;#BSUB -W 00:15;#BSUB -o "my_job.%J.6000.1.out";#BSUB -e "my_job.%J.6000.1.err";#BSUB -R "span[hosts=1]";OMP_NUM_THREADS=1;./parallel_algorithm 6000 1 slae_6000> in cluster <MSUCluster> Done

Job <#BSUB -n 1;#BSUB -W 00:15;#BSUB -o "my_job.%J.6000.1.out";#BSUB -e "my_job.%J.6000.1.err";#BSUB -R "span[hosts=1]";OMP_NUM_THREADS=1;./parallel_algorithm 6000 1 slae_6000> was submitted from host <polus-ib.bmc.hpc.cs.msu.ru> by user <edu-cmc-sqi21-13> in cluster <MSUCluster> at Fri May  6 13:04:08 2022
Job was executed on host(s) <polus-c1-ib.bmc.hpc.cs.msu.ru>, in queue <short>, as user <edu-cmc-sqi21-13> in cluster <MSUCluster> at Fri May  6 13:04:22 2022
</home_edu/edu-cmc-sqi21/edu-cmc-sqi21-13> was used as the home directory.
</home_edu/edu-cmc-sqi21/edu-cmc-sqi21-13/task1> was used as the working directory.
Started at Fri May  6 13:04:22 2022
Terminated at Fri May  6 13:18:14 2022
Results reported at Fri May  6 13:18:14 2022

Your job looked like:

------------------------------------------------------------
# LSBATCH: User input
#BSUB -n 1
#BSUB -W 00:15
#BSUB -o "my_job.%J.6000.1.out"
#BSUB -e "my_job.%J.6000.1.err"
#BSUB -R "span[hosts=1]"
OMP_NUM_THREADS=1
./parallel_algorithm 6000 1 slae_6000

------------------------------------------------------------

Successfully completed.

Resource usage summary:

    CPU time :                                   831.13 sec.
    Max Memory :                                 280 MB
    Average Memory :                             277.59 MB
    Total Requested Memory :                     -
    Delta Memory :                               -
    Max Swap :                                   -
    Max Processes :                              4
    Max Threads :                                5
    Run time :                                   832 sec.
    Turnaround time :                            846 sec.

The output (if any) follows:

Time to get upper triangular form (T1): 824.271903
Time to calculate reverse gauss method (T2): 0.033581
Norm of solution difference: 6.78865e-10
Slae residual norm: 1.44236e-07


PS:

Read file <my_job.879759.6000.1.err> for stderr output of this job.

