Sender: LSF System <lsfadmin@polus-c1-ib.bmc.hpc.cs.msu.ru>
Subject: Job 879752: <#BSUB -n 5;#BSUB -W 00:15;#BSUB -o "my_job.%J.1000.32.out";#BSUB -e "my_job.%J.1000.32.err";#BSUB -R "span[hosts=1]";OMP_NUM_THREADS=32;./parallel_algorithm 1000 32 slae_1000> in cluster <MSUCluster> Done

Job <#BSUB -n 5;#BSUB -W 00:15;#BSUB -o "my_job.%J.1000.32.out";#BSUB -e "my_job.%J.1000.32.err";#BSUB -R "span[hosts=1]";OMP_NUM_THREADS=32;./parallel_algorithm 1000 32 slae_1000> was submitted from host <polus-ib.bmc.hpc.cs.msu.ru> by user <edu-cmc-sqi21-13> in cluster <MSUCluster> at Fri May  6 13:04:08 2022
Job was executed on host(s) <5*polus-c1-ib.bmc.hpc.cs.msu.ru>, in queue <short>, as user <edu-cmc-sqi21-13> in cluster <MSUCluster> at Fri May  6 13:09:42 2022
</home_edu/edu-cmc-sqi21/edu-cmc-sqi21-13> was used as the home directory.
</home_edu/edu-cmc-sqi21/edu-cmc-sqi21-13/task1> was used as the working directory.
Started at Fri May  6 13:09:42 2022
Terminated at Fri May  6 13:09:44 2022
Results reported at Fri May  6 13:09:44 2022

Your job looked like:

------------------------------------------------------------
# LSBATCH: User input
#BSUB -n 5
#BSUB -W 00:15
#BSUB -o "my_job.%J.1000.32.out"
#BSUB -e "my_job.%J.1000.32.err"
#BSUB -R "span[hosts=1]"
OMP_NUM_THREADS=32
./parallel_algorithm 1000 32 slae_1000

------------------------------------------------------------

Successfully completed.

Resource usage summary:

    CPU time :                                   10.26 sec.
    Max Memory :                                 4 MB
    Average Memory :                             2.00 MB
    Total Requested Memory :                     -
    Delta Memory :                               -
    Max Swap :                                   -
    Max Processes :                              1
    Max Threads :                                1
    Run time :                                   2 sec.
    Turnaround time :                            336 sec.

The output (if any) follows:

Time to get upper triangular form (T1): 0.269805
Time to calculate reverse gauss method (T2): 0.000799
Norm of solution difference: 2.96872e-09
Slae residual norm: 7.22317e-09


PS:

Read file <my_job.879752.1000.32.err> for stderr output of this job.

