Sender: LSF System <lsfadmin@polus-c1-ib.bmc.hpc.cs.msu.ru>
Subject: Job 879755: <#BSUB -n 1;#BSUB -W 00:15;#BSUB -o "my_job.%J.3000.4.out";#BSUB -e "my_job.%J.3000.4.err";#BSUB -R "span[hosts=1]";OMP_NUM_THREADS=4;./parallel_algorithm 3000 4 slae_3000> in cluster <MSUCluster> Done

Job <#BSUB -n 1;#BSUB -W 00:15;#BSUB -o "my_job.%J.3000.4.out";#BSUB -e "my_job.%J.3000.4.err";#BSUB -R "span[hosts=1]";OMP_NUM_THREADS=4;./parallel_algorithm 3000 4 slae_3000> was submitted from host <polus-ib.bmc.hpc.cs.msu.ru> by user <edu-cmc-sqi21-13> in cluster <MSUCluster> at Fri May  6 13:04:08 2022
Job was executed on host(s) <polus-c1-ib.bmc.hpc.cs.msu.ru>, in queue <short>, as user <edu-cmc-sqi21-13> in cluster <MSUCluster> at Fri May  6 13:04:12 2022
</home_edu/edu-cmc-sqi21/edu-cmc-sqi21-13> was used as the home directory.
</home_edu/edu-cmc-sqi21/edu-cmc-sqi21-13/task1> was used as the working directory.
Started at Fri May  6 13:04:12 2022
Terminated at Fri May  6 13:04:22 2022
Results reported at Fri May  6 13:04:22 2022

Your job looked like:

------------------------------------------------------------
# LSBATCH: User input
#BSUB -n 1
#BSUB -W 00:15
#BSUB -o "my_job.%J.3000.4.out"
#BSUB -e "my_job.%J.3000.4.err"
#BSUB -R "span[hosts=1]"
OMP_NUM_THREADS=4
./parallel_algorithm 3000 4 slae_3000

------------------------------------------------------------

Successfully completed.

Resource usage summary:

    CPU time :                                   33.67 sec.
    Max Memory :                                 75 MB
    Average Memory :                             57.00 MB
    Total Requested Memory :                     -
    Delta Memory :                               -
    Max Swap :                                   -
    Max Processes :                              4
    Max Threads :                                8
    Run time :                                   11 sec.
    Turnaround time :                            14 sec.

The output (if any) follows:

Time to get upper triangular form (T1): 7.762235
Time to calculate reverse gauss method (T2): 0.007591
Norm of solution difference: 1.56599e-09
Slae residual norm: 4.16076e-08


PS:

Read file <my_job.879755.3000.4.err> for stderr output of this job.

