Sender: LSF System <lsfadmin@polus-c1-ib.bmc.hpc.cs.msu.ru>
Subject: Job 879763: <#BSUB -n 3;#BSUB -W 00:15;#BSUB -o "my_job.%J.6000.16.out";#BSUB -e "my_job.%J.6000.16.err";#BSUB -R "span[hosts=1]";OMP_NUM_THREADS=16;./parallel_algorithm 6000 16 slae_6000> in cluster <MSUCluster> Done

Job <#BSUB -n 3;#BSUB -W 00:15;#BSUB -o "my_job.%J.6000.16.out";#BSUB -e "my_job.%J.6000.16.err";#BSUB -R "span[hosts=1]";OMP_NUM_THREADS=16;./parallel_algorithm 6000 16 slae_6000> was submitted from host <polus-ib.bmc.hpc.cs.msu.ru> by user <edu-cmc-sqi21-13> in cluster <MSUCluster> at Fri May  6 13:04:08 2022
Job was executed on host(s) <3*polus-c1-ib.bmc.hpc.cs.msu.ru>, in queue <short>, as user <edu-cmc-sqi21-13> in cluster <MSUCluster> at Fri May  6 13:08:25 2022
</home_edu/edu-cmc-sqi21/edu-cmc-sqi21-13> was used as the home directory.
</home_edu/edu-cmc-sqi21/edu-cmc-sqi21-13/task1> was used as the working directory.
Started at Fri May  6 13:08:25 2022
Terminated at Fri May  6 13:09:42 2022
Results reported at Fri May  6 13:09:42 2022

Your job looked like:

------------------------------------------------------------
# LSBATCH: User input
#BSUB -n 3
#BSUB -W 00:15
#BSUB -o "my_job.%J.6000.16.out"
#BSUB -e "my_job.%J.6000.16.err"
#BSUB -R "span[hosts=1]"
OMP_NUM_THREADS=16
./parallel_algorithm 6000 16 slae_6000

------------------------------------------------------------

Successfully completed.

Resource usage summary:

    CPU time :                                   1150.18 sec.
    Max Memory :                                 282 MB
    Average Memory :                             260.62 MB
    Total Requested Memory :                     -
    Delta Memory :                               -
    Max Swap :                                   -
    Max Processes :                              4
    Max Threads :                                20
    Run time :                                   77 sec.
    Turnaround time :                            334 sec.

The output (if any) follows:

Time to get upper triangular form (T1): 69.545985
Time to calculate reverse gauss method (T2): 0.032046
Norm of solution difference: 1.97213e-09
Slae residual norm: 1.16274e-07


PS:

Read file <my_job.879763.6000.16.err> for stderr output of this job.

