Sender: LSF System <lsfadmin@polus-c1-ib.bmc.hpc.cs.msu.ru>
Subject: Job 879777: <#BSUB -n 3;#BSUB -W 00:15;#BSUB -o "my_job.%J.300.16.out";#BSUB -e "my_job.%J.300.16.err";#BSUB -R "span[hosts=1]";OMP_NUM_THREADS=16;./parallel_algorithm 300 16 slae_300> in cluster <MSUCluster> Done

Job <#BSUB -n 3;#BSUB -W 00:15;#BSUB -o "my_job.%J.300.16.out";#BSUB -e "my_job.%J.300.16.err";#BSUB -R "span[hosts=1]";OMP_NUM_THREADS=16;./parallel_algorithm 300 16 slae_300> was submitted from host <polus-ib.bmc.hpc.cs.msu.ru> by user <edu-cmc-sqi21-13> in cluster <MSUCluster> at Fri May  6 15:54:54 2022
Job was executed on host(s) <3*polus-c1-ib.bmc.hpc.cs.msu.ru>, in queue <short>, as user <edu-cmc-sqi21-13> in cluster <MSUCluster> at Fri May  6 15:54:56 2022
</home_edu/edu-cmc-sqi21/edu-cmc-sqi21-13> was used as the home directory.
</home_edu/edu-cmc-sqi21/edu-cmc-sqi21-13/task1> was used as the working directory.
Started at Fri May  6 15:54:56 2022
Terminated at Fri May  6 15:54:58 2022
Results reported at Fri May  6 15:54:58 2022

Your job looked like:

------------------------------------------------------------
# LSBATCH: User input
#BSUB -n 3
#BSUB -W 00:15
#BSUB -o "my_job.%J.300.16.out"
#BSUB -e "my_job.%J.300.16.err"
#BSUB -R "span[hosts=1]"
OMP_NUM_THREADS=16
./parallel_algorithm 300 16 slae_300

------------------------------------------------------------

Successfully completed.

Resource usage summary:

    CPU time :                                   0.99 sec.
    Max Memory :                                 8 MB
    Average Memory :                             6.67 MB
    Total Requested Memory :                     -
    Delta Memory :                               -
    Max Swap :                                   -
    Max Processes :                              4
    Max Threads :                                20
    Run time :                                   2 sec.
    Turnaround time :                            4 sec.

The output (if any) follows:

Time to get upper triangular form (T1): 0.058580
Time to calculate reverse gauss method (T2): 0.000204
Norm of solution difference: 1.77584e-11
Slae residual norm: 1.22325e-09


PS:

Read file <my_job.879777.300.16.err> for stderr output of this job.

