Sender: LSF System <lsfadmin@polus-c3-ib.bmc.hpc.cs.msu.ru>
Subject: Job 879762: <#BSUB -n 2;#BSUB -W 00:15;#BSUB -o "my_job.%J.6000.8.out";#BSUB -e "my_job.%J.6000.8.err";#BSUB -R "span[hosts=1]";OMP_NUM_THREADS=8;./parallel_algorithm 6000 8 slae_6000> in cluster <MSUCluster> Done

Job <#BSUB -n 2;#BSUB -W 00:15;#BSUB -o "my_job.%J.6000.8.out";#BSUB -e "my_job.%J.6000.8.err";#BSUB -R "span[hosts=1]";OMP_NUM_THREADS=8;./parallel_algorithm 6000 8 slae_6000> was submitted from host <polus-ib.bmc.hpc.cs.msu.ru> by user <edu-cmc-sqi21-13> in cluster <MSUCluster> at Fri May  6 13:04:08 2022
Job was executed on host(s) <2*polus-c3-ib.bmc.hpc.cs.msu.ru>, in queue <short>, as user <edu-cmc-sqi21-13> in cluster <MSUCluster> at Fri May  6 13:07:05 2022
</home_edu/edu-cmc-sqi21/edu-cmc-sqi21-13> was used as the home directory.
</home_edu/edu-cmc-sqi21/edu-cmc-sqi21-13/task1> was used as the working directory.
Started at Fri May  6 13:07:05 2022
Terminated at Fri May  6 13:10:12 2022
Results reported at Fri May  6 13:10:12 2022

Your job looked like:

------------------------------------------------------------
# LSBATCH: User input
#BSUB -n 2
#BSUB -W 00:15
#BSUB -o "my_job.%J.6000.8.out"
#BSUB -e "my_job.%J.6000.8.err"
#BSUB -R "span[hosts=1]"
OMP_NUM_THREADS=8
./parallel_algorithm 6000 8 slae_6000

------------------------------------------------------------

Successfully completed.

Resource usage summary:

    CPU time :                                   1449.54 sec.
    Max Memory :                                 281 MB
    Average Memory :                             271.34 MB
    Total Requested Memory :                     -
    Delta Memory :                               -
    Max Swap :                                   -
    Max Processes :                              4
    Max Threads :                                12
    Run time :                                   187 sec.
    Turnaround time :                            364 sec.

The output (if any) follows:

Time to get upper triangular form (T1): 177.388909
Time to calculate reverse gauss method (T2): 0.036491
Norm of solution difference: 1.32591e-09
Slae residual norm: 1.17146e-07


PS:

Read file <my_job.879762.6000.8.err> for stderr output of this job.

