Sender: LSF System <lsfadmin@polus-c1-ib.bmc.hpc.cs.msu.ru>
Subject: Job 879776: <#BSUB -n 2;#BSUB -W 00:15;#BSUB -o "my_job.%J.300.8.out";#BSUB -e "my_job.%J.300.8.err";#BSUB -R "span[hosts=1]";OMP_NUM_THREADS=8;./parallel_algorithm 300 8 slae_300> in cluster <MSUCluster> Done

Job <#BSUB -n 2;#BSUB -W 00:15;#BSUB -o "my_job.%J.300.8.out";#BSUB -e "my_job.%J.300.8.err";#BSUB -R "span[hosts=1]";OMP_NUM_THREADS=8;./parallel_algorithm 300 8 slae_300> was submitted from host <polus-ib.bmc.hpc.cs.msu.ru> by user <edu-cmc-sqi21-13> in cluster <MSUCluster> at Fri May  6 15:54:54 2022
Job was executed on host(s) <2*polus-c1-ib.bmc.hpc.cs.msu.ru>, in queue <short>, as user <edu-cmc-sqi21-13> in cluster <MSUCluster> at Fri May  6 15:54:56 2022
</home_edu/edu-cmc-sqi21/edu-cmc-sqi21-13> was used as the home directory.
</home_edu/edu-cmc-sqi21/edu-cmc-sqi21-13/task1> was used as the working directory.
Started at Fri May  6 15:54:56 2022
Terminated at Fri May  6 15:54:57 2022
Results reported at Fri May  6 15:54:57 2022

Your job looked like:

------------------------------------------------------------
# LSBATCH: User input
#BSUB -n 2
#BSUB -W 00:15
#BSUB -o "my_job.%J.300.8.out"
#BSUB -e "my_job.%J.300.8.err"
#BSUB -R "span[hosts=1]"
OMP_NUM_THREADS=8
./parallel_algorithm 300 8 slae_300

------------------------------------------------------------

Successfully completed.

Resource usage summary:

    CPU time :                                   0.29 sec.
    Max Memory :                                 1 MB
    Average Memory :                             1.00 MB
    Total Requested Memory :                     -
    Delta Memory :                               -
    Max Swap :                                   -
    Max Processes :                              1
    Max Threads :                                1
    Run time :                                   2 sec.
    Turnaround time :                            3 sec.

The output (if any) follows:

Time to get upper triangular form (T1): 0.039173
Time to calculate reverse gauss method (T2): 0.000080
Norm of solution difference: 2.2636e-11
Slae residual norm: 1.27843e-09


PS:

Read file <my_job.879776.300.8.err> for stderr output of this job.

