Sender: LSF System <lsfadmin@polus-c1-ib.bmc.hpc.cs.msu.ru>
Subject: Job 879757: <#BSUB -n 3;#BSUB -W 00:15;#BSUB -o "my_job.%J.3000.16.out";#BSUB -e "my_job.%J.3000.16.err";#BSUB -R "span[hosts=1]";OMP_NUM_THREADS=16;./parallel_algorithm 3000 16 slae_3000> in cluster <MSUCluster> Done

Job <#BSUB -n 3;#BSUB -W 00:15;#BSUB -o "my_job.%J.3000.16.out";#BSUB -e "my_job.%J.3000.16.err";#BSUB -R "span[hosts=1]";OMP_NUM_THREADS=16;./parallel_algorithm 3000 16 slae_3000> was submitted from host <polus-ib.bmc.hpc.cs.msu.ru> by user <edu-cmc-sqi21-13> in cluster <MSUCluster> at Fri May  6 13:04:08 2022
Job was executed on host(s) <3*polus-c1-ib.bmc.hpc.cs.msu.ru>, in queue <short>, as user <edu-cmc-sqi21-13> in cluster <MSUCluster> at Fri May  6 13:08:17 2022
</home_edu/edu-cmc-sqi21/edu-cmc-sqi21-13> was used as the home directory.
</home_edu/edu-cmc-sqi21/edu-cmc-sqi21-13/task1> was used as the working directory.
Started at Fri May  6 13:08:17 2022
Terminated at Fri May  6 13:08:25 2022
Results reported at Fri May  6 13:08:25 2022

Your job looked like:

------------------------------------------------------------
# LSBATCH: User input
#BSUB -n 3
#BSUB -W 00:15
#BSUB -o "my_job.%J.3000.16.out"
#BSUB -e "my_job.%J.3000.16.err"
#BSUB -R "span[hosts=1]"
OMP_NUM_THREADS=16
./parallel_algorithm 3000 16 slae_3000

------------------------------------------------------------

Successfully completed.

Resource usage summary:

    CPU time :                                   88.90 sec.
    Max Memory :                                 67 MB
    Average Memory :                             45.00 MB
    Total Requested Memory :                     -
    Delta Memory :                               -
    Max Swap :                                   -
    Max Processes :                              4
    Max Threads :                                5
    Run time :                                   8 sec.
    Turnaround time :                            257 sec.

The output (if any) follows:

Time to get upper triangular form (T1): 4.916452
Time to calculate reverse gauss method (T2): 0.007985
Norm of solution difference: 1.69117e-09
Slae residual norm: 4.01092e-08


PS:

Read file <my_job.879757.3000.16.err> for stderr output of this job.

