Sender: LSF System <lsfadmin@polus-c3-ib.bmc.hpc.cs.msu.ru>
Subject: Job 894194: <#BSUB -n 1 -q normal;#BSUB -W 00:59;#BSUB -o "my_job.%J.300.1.out";#BSUB -e "my_job.%J.300.1.err";mpiexec ./run 300> in cluster <MSUCluster> Done

Job <#BSUB -n 1 -q normal;#BSUB -W 00:59;#BSUB -o "my_job.%J.300.1.out";#BSUB -e "my_job.%J.300.1.err";mpiexec ./run 300> was submitted from host <polus-ib.bmc.hpc.cs.msu.ru> by user <edu-cmc-sqi21-13> in cluster <MSUCluster> at Fri Sep 16 02:29:58 2022
Job was executed on host(s) <polus-c3-ib.bmc.hpc.cs.msu.ru>, in queue <normal>, as user <edu-cmc-sqi21-13> in cluster <MSUCluster> at Fri Sep 16 02:29:58 2022
</home_edu/edu-cmc-sqi21/edu-cmc-sqi21-13> was used as the home directory.
</home_edu/edu-cmc-sqi21/edu-cmc-sqi21-13/task2> was used as the working directory.
Started at Fri Sep 16 02:29:58 2022
Terminated at Fri Sep 16 02:30:00 2022
Results reported at Fri Sep 16 02:30:00 2022

Your job looked like:

------------------------------------------------------------
# LSBATCH: User input
#BSUB -n 1 -q normal
#BSUB -W 00:59
#BSUB -o "my_job.%J.300.1.out"
#BSUB -e "my_job.%J.300.1.err"
mpiexec ./run 300

------------------------------------------------------------

Successfully completed.

Resource usage summary:

    CPU time :                                   0.41 sec.
    Max Memory :                                 71 MB
    Average Memory :                             47.67 MB
    Total Requested Memory :                     -
    Delta Memory :                               -
    Max Swap :                                   -
    Max Processes :                              5
    Max Threads :                                12
    Run time :                                   5 sec.
    Turnaround time :                            2 sec.

The output (if any) follows:


Matrix:
  8.575e+01  9.368e+01  5.624e+01
  8.939e+01  1.171e+01  6.024e+01
  7.241e+01  2.397e+01  9.662e+01

Matrix after:
  9.984e+02  7.242e+02  7.884e+02
 -8.812e-15  6.487e+02  2.558e+02
 -1.657e-14  1.150e-14  6.101e+02

Calculated vector x:
  8.145e+01  5.114e+01  1.131e+00

Real vector x:
  8.145e+01  5.114e+01  1.131e+00

Vector b:
  1.113e+07  4.027e+06  2.659e+06
===============================
[n = 300; p = 1]
Residual norm = 4.997856e-16
Soulution error = 1.675604e-10
t1 = 0.15 sec; t2 = 0.00 sec
===============================


PS:

Read file <my_job.894194.300.1.err> for stderr output of this job.

