Sender: LSF System <lsfadmin@polus-c3-ib.bmc.hpc.cs.msu.ru>
Subject: Job 894202: <#BSUB -n 1 -q normal;#BSUB -W 00:59;#BSUB -o "my_job.%J.3000.1.out";#BSUB -e "my_job.%J.3000.1.err";mpiexec ./run 3000> in cluster <MSUCluster> Done

Job <#BSUB -n 1 -q normal;#BSUB -W 00:59;#BSUB -o "my_job.%J.3000.1.out";#BSUB -e "my_job.%J.3000.1.err";mpiexec ./run 3000> was submitted from host <polus-ib.bmc.hpc.cs.msu.ru> by user <edu-cmc-sqi21-13> in cluster <MSUCluster> at Fri Sep 16 02:29:58 2022
Job was executed on host(s) <polus-c3-ib.bmc.hpc.cs.msu.ru>, in queue <normal>, as user <edu-cmc-sqi21-13> in cluster <MSUCluster> at Fri Sep 16 02:30:05 2022
</home_edu/edu-cmc-sqi21/edu-cmc-sqi21-13> was used as the home directory.
</home_edu/edu-cmc-sqi21/edu-cmc-sqi21-13/task2> was used as the working directory.
Started at Fri Sep 16 02:30:05 2022
Terminated at Fri Sep 16 02:32:39 2022
Results reported at Fri Sep 16 02:32:39 2022

Your job looked like:

------------------------------------------------------------
# LSBATCH: User input
#BSUB -n 1 -q normal
#BSUB -W 00:59
#BSUB -o "my_job.%J.3000.1.out"
#BSUB -e "my_job.%J.3000.1.err"
mpiexec ./run 3000

------------------------------------------------------------

Successfully completed.

Resource usage summary:

    CPU time :                                   153.53 sec.
    Max Memory :                                 139 MB
    Average Memory :                             133.00 MB
    Total Requested Memory :                     -
    Delta Memory :                               -
    Max Swap :                                   -
    Max Processes :                              5
    Max Threads :                                12
    Run time :                                   154 sec.
    Turnaround time :                            161 sec.

The output (if any) follows:


Matrix:
  8.431e+01  6.078e+01  5.692e+01
  5.312e+01  3.337e+01  6.674e+01
  9.670e+01  2.253e+01  4.094e+01

Matrix after:
  3.178e+03  2.307e+03  2.391e+03
  1.124e-14  2.045e+03  9.469e+02
  1.820e-14 -1.317e-13  1.889e+03

Calculated vector x:
  3.212e+01  4.018e+01  1.273e+01

Real vector x:
  3.212e+01  4.018e+01  1.273e+01

Vector b:
  3.558e+08  1.306e+08  8.581e+07
===============================
[n = 3000; p = 1]
Residual norm = 8.462172e-16
Soulution error = 3.590681e-08
t1 = 152.46 sec; t2 = 0.04 sec
===============================


PS:

Read file <my_job.894202.3000.1.err> for stderr output of this job.

