Sender: LSF System <lsfadmin@polus-c4-ib.bmc.hpc.cs.msu.ru>
Subject: Job 894291: <#BSUB -n 1 -q normal;#BSUB -W 00:59;#BSUB -o "my_job.%J.6000.1.out";#BSUB -e "my_job.%J.6000.1.err";mpiexec ./run 6000> in cluster <MSUCluster> Done

Job <#BSUB -n 1 -q normal;#BSUB -W 00:59;#BSUB -o "my_job.%J.6000.1.out";#BSUB -e "my_job.%J.6000.1.err";mpiexec ./run 6000> was submitted from host <polus-ib.bmc.hpc.cs.msu.ru> by user <edu-cmc-sqi21-13> in cluster <MSUCluster> at Fri Sep 16 03:10:55 2022
Job was executed on host(s) <polus-c4-ib.bmc.hpc.cs.msu.ru>, in queue <normal>, as user <edu-cmc-sqi21-13> in cluster <MSUCluster> at Fri Sep 16 03:12:02 2022
</home_edu/edu-cmc-sqi21/edu-cmc-sqi21-13> was used as the home directory.
</home_edu/edu-cmc-sqi21/edu-cmc-sqi21-13/task2> was used as the working directory.
Started at Fri Sep 16 03:12:02 2022
Terminated at Fri Sep 16 03:46:37 2022
Results reported at Fri Sep 16 03:46:37 2022

Your job looked like:

------------------------------------------------------------
# LSBATCH: User input
#BSUB -n 1 -q normal
#BSUB -W 00:59
#BSUB -o "my_job.%J.6000.1.out"
#BSUB -e "my_job.%J.6000.1.err"
mpiexec ./run 6000

------------------------------------------------------------

Successfully completed.

Resource usage summary:

    CPU time :                                   2075.21 sec.
    Max Memory :                                 345 MB
    Average Memory :                             343.78 MB
    Total Requested Memory :                     -
    Delta Memory :                               -
    Max Swap :                                   -
    Max Processes :                              5
    Max Threads :                                12
    Run time :                                   2076 sec.
    Turnaround time :                            2142 sec.

The output (if any) follows:


Matrix:
  3.696e+01  9.363e+01  5.589e+01
  1.908e+01  5.776e+01  2.948e+01
  2.753e+01  6.033e+01  5.243e+01

Matrix after:
  4.509e+03  3.360e+03  3.352e+03
 -2.415e-14  2.976e+03  1.262e+03
 -3.460e-14 -3.042e-13  2.657e+03

Calculated vector x:
  5.065e+01  2.031e+01  9.194e+00

Real vector x:
  5.065e+01  2.031e+01  9.194e+00

Vector b:
  9.961e+08  3.774e+08  2.285e+08
===============================
[n = 6000; p = 1]
Residual norm = 1.808257e-15
Soulution error = 1.305681e-07
t1 = 2071.03 sec; t2 = 0.16 sec
===============================


PS:

Read file <my_job.894291.6000.1.err> for stderr output of this job.

