Sender: LSF System <lsfadmin@polus-c2-ib.bmc.hpc.cs.msu.ru>
Subject: Job 894294: <#BSUB -n 8 -q normal;#BSUB -W 00:59;#BSUB -o "my_job.%J.6000.8.out";#BSUB -e "my_job.%J.6000.8.err";mpiexec ./run 6000> in cluster <MSUCluster> Done

Job <#BSUB -n 8 -q normal;#BSUB -W 00:59;#BSUB -o "my_job.%J.6000.8.out";#BSUB -e "my_job.%J.6000.8.err";mpiexec ./run 6000> was submitted from host <polus-ib.bmc.hpc.cs.msu.ru> by user <edu-cmc-sqi21-13> in cluster <MSUCluster> at Fri Sep 16 03:10:55 2022
Job was executed on host(s) <8*polus-c2-ib.bmc.hpc.cs.msu.ru>, in queue <normal>, as user <edu-cmc-sqi21-13> in cluster <MSUCluster> at Fri Sep 16 03:13:43 2022
</home_edu/edu-cmc-sqi21/edu-cmc-sqi21-13> was used as the home directory.
</home_edu/edu-cmc-sqi21/edu-cmc-sqi21-13/task2> was used as the working directory.
Started at Fri Sep 16 03:13:43 2022
Terminated at Fri Sep 16 03:28:43 2022
Results reported at Fri Sep 16 03:28:43 2022

Your job looked like:

------------------------------------------------------------
# LSBATCH: User input
#BSUB -n 8 -q normal
#BSUB -W 00:59
#BSUB -o "my_job.%J.6000.8.out"
#BSUB -e "my_job.%J.6000.8.err"
mpiexec ./run 6000

------------------------------------------------------------

Successfully completed.

Resource usage summary:

    CPU time :                                   7182.69 sec.
    Max Memory :                                 712 MB
    Average Memory :                             705.18 MB
    Total Requested Memory :                     -
    Delta Memory :                               -
    Max Swap :                                   -
    Max Processes :                              12
    Max Threads :                                33
    Run time :                                   900 sec.
    Turnaround time :                            1068 sec.

The output (if any) follows:


Matrix:
  5.030e+01  4.376e+01  3.681e+01
  8.646e+01  1.578e+01  9.370e+01
  3.441e+01  6.903e+01  2.356e+01

Matrix after:
  4.507e+03  3.370e+03  3.355e+03
 -6.696e-13  2.966e+03  1.280e+03
 -2.669e-13  8.117e-14  2.663e+03

Calculated vector x:
  4.201e+01  2.487e+01  2.629e+01

Real vector x:
  4.201e+01  2.487e+01  2.629e+01

Vector b:
  1.013e+09  3.797e+08  2.475e+08
===============================
[n = 6000; p = 8]
Residual norm = 7.719399e-16
Soulution error = 1.075445e-05
t1 = 883.58 sec; t2 = 0.34 sec
===============================


PS:

Read file <my_job.894294.6000.8.err> for stderr output of this job.

