Sender: LSF System <lsfadmin@polus-c2-ib.bmc.hpc.cs.msu.ru>
Subject: Job 894289: <#BSUB -n 16 -q normal;#BSUB -W 00:59;#BSUB -o "my_job.%J.3000.16.out";#BSUB -e "my_job.%J.3000.16.err";mpiexec ./run 3000> in cluster <MSUCluster> Done

Job <#BSUB -n 16 -q normal;#BSUB -W 00:59;#BSUB -o "my_job.%J.3000.16.out";#BSUB -e "my_job.%J.3000.16.err";mpiexec ./run 3000> was submitted from host <polus-ib.bmc.hpc.cs.msu.ru> by user <edu-cmc-sqi21-13> in cluster <MSUCluster> at Fri Sep 16 03:10:55 2022
Job was executed on host(s) <16*polus-c2-ib.bmc.hpc.cs.msu.ru>, in queue <normal>, as user <edu-cmc-sqi21-13> in cluster <MSUCluster> at Fri Sep 16 03:11:34 2022
</home_edu/edu-cmc-sqi21/edu-cmc-sqi21-13> was used as the home directory.
</home_edu/edu-cmc-sqi21/edu-cmc-sqi21-13/task2> was used as the working directory.
Started at Fri Sep 16 03:11:34 2022
Terminated at Fri Sep 16 03:12:36 2022
Results reported at Fri Sep 16 03:12:36 2022

Your job looked like:

------------------------------------------------------------
# LSBATCH: User input
#BSUB -n 16 -q normal
#BSUB -W 00:59
#BSUB -o "my_job.%J.3000.16.out"
#BSUB -e "my_job.%J.3000.16.err"
mpiexec ./run 3000

------------------------------------------------------------

Successfully completed.

Resource usage summary:

    CPU time :                                   944.79 sec.
    Max Memory :                                 929 MB
    Average Memory :                             844.64 MB
    Total Requested Memory :                     -
    Delta Memory :                               -
    Max Swap :                                   -
    Max Processes :                              20
    Max Threads :                                57
    Run time :                                   65 sec.
    Turnaround time :                            101 sec.

The output (if any) follows:


Matrix:
  8.787e+01  6.038e-02  2.420e+00
  5.488e+01  1.849e+01  5.040e+01
  1.840e+01  5.976e+01  6.859e+01

Matrix after:
  3.187e+03  2.444e+03  2.351e+03
  8.937e-14  2.089e+03  9.193e+02
  3.156e-14 -1.979e-14  1.894e+03

Calculated vector x:
  6.963e+01  9.687e+01  2.295e+01

Real vector x:
  6.963e+01  9.687e+01  2.295e+01

Vector b:
  3.627e+08  1.375e+08  8.794e+07
===============================
[n = 3000; p = 16]
Residual norm = 2.236814e-16
Soulution error = 1.626009e-07
t1 = 55.92 sec; t2 = 0.09 sec
===============================


PS:

Read file <my_job.894289.3000.16.err> for stderr output of this job.

