Sender: LSF System <lsfadmin@polus-c3-ib.bmc.hpc.cs.msu.ru>
Subject: Job 894293: <#BSUB -n 4 -q normal;#BSUB -W 00:59;#BSUB -o "my_job.%J.6000.4.out";#BSUB -e "my_job.%J.6000.4.err";mpiexec ./run 6000> in cluster <MSUCluster> Done

Job <#BSUB -n 4 -q normal;#BSUB -W 00:59;#BSUB -o "my_job.%J.6000.4.out";#BSUB -e "my_job.%J.6000.4.err";mpiexec ./run 6000> was submitted from host <polus-ib.bmc.hpc.cs.msu.ru> by user <edu-cmc-sqi21-13> in cluster <MSUCluster> at Fri Sep 16 03:10:55 2022
Job was executed on host(s) <4*polus-c3-ib.bmc.hpc.cs.msu.ru>, in queue <normal>, as user <edu-cmc-sqi21-13> in cluster <MSUCluster> at Fri Sep 16 03:12:35 2022
</home_edu/edu-cmc-sqi21/edu-cmc-sqi21-13> was used as the home directory.
</home_edu/edu-cmc-sqi21/edu-cmc-sqi21-13/task2> was used as the working directory.
Started at Fri Sep 16 03:12:35 2022
Terminated at Fri Sep 16 03:17:53 2022
Results reported at Fri Sep 16 03:17:53 2022

Your job looked like:

------------------------------------------------------------
# LSBATCH: User input
#BSUB -n 4 -q normal
#BSUB -W 00:59
#BSUB -o "my_job.%J.6000.4.out"
#BSUB -e "my_job.%J.6000.4.err"
mpiexec ./run 6000

------------------------------------------------------------

Successfully completed.

Resource usage summary:

    CPU time :                                   1268.80 sec.
    Max Memory :                                 502 MB
    Average Memory :                             491.34 MB
    Total Requested Memory :                     -
    Delta Memory :                               -
    Max Swap :                                   -
    Max Processes :                              8
    Max Threads :                                21
    Run time :                                   318 sec.
    Turnaround time :                            418 sec.

The output (if any) follows:


Matrix:
  8.094e+01  1.919e+01  1.717e+01
  6.723e+00  1.402e+01  9.866e+01
  6.747e+01  7.782e+01  5.852e+01

Matrix after:
  4.465e+03  3.370e+03  3.352e+03
 -2.755e-16  2.986e+03  1.306e+03
 -2.677e-15 -7.448e-15  2.680e+03

Calculated vector x:
  6.932e+01  7.482e+01  8.836e+01

Real vector x:
  6.932e+01  7.482e+01  8.836e+01

Vector b:
  1.007e+09  3.877e+08  2.416e+08
===============================
[n = 6000; p = 4]
Residual norm = 2.212961e-15
Soulution error = 2.087229e-07
t1 = 314.59 sec; t2 = 0.09 sec
===============================


PS:

Read file <my_job.894293.6000.4.err> for stderr output of this job.

