Sender: LSF System <lsfadmin@polus-c3-ib.bmc.hpc.cs.msu.ru>
Subject: Job 894285: <#BSUB -n 1 -q normal;#BSUB -W 00:59;#BSUB -o "my_job.%J.3000.1.out";#BSUB -e "my_job.%J.3000.1.err";mpiexec ./run 3000> in cluster <MSUCluster> Done

Job <#BSUB -n 1 -q normal;#BSUB -W 00:59;#BSUB -o "my_job.%J.3000.1.out";#BSUB -e "my_job.%J.3000.1.err";mpiexec ./run 3000> was submitted from host <polus-ib.bmc.hpc.cs.msu.ru> by user <edu-cmc-sqi21-13> in cluster <MSUCluster> at Fri Sep 16 03:10:55 2022
Job was executed on host(s) <polus-c3-ib.bmc.hpc.cs.msu.ru>, in queue <normal>, as user <edu-cmc-sqi21-13> in cluster <MSUCluster> at Fri Sep 16 03:11:08 2022
</home_edu/edu-cmc-sqi21/edu-cmc-sqi21-13> was used as the home directory.
</home_edu/edu-cmc-sqi21/edu-cmc-sqi21-13/task2> was used as the working directory.
Started at Fri Sep 16 03:11:08 2022
Terminated at Fri Sep 16 03:13:43 2022
Results reported at Fri Sep 16 03:13:43 2022

Your job looked like:

------------------------------------------------------------
# LSBATCH: User input
#BSUB -n 1 -q normal
#BSUB -W 00:59
#BSUB -o "my_job.%J.3000.1.out"
#BSUB -e "my_job.%J.3000.1.err"
mpiexec ./run 3000

------------------------------------------------------------

Successfully completed.

Resource usage summary:

    CPU time :                                   154.39 sec.
    Max Memory :                                 139 MB
    Average Memory :                             133.00 MB
    Total Requested Memory :                     -
    Delta Memory :                               -
    Max Swap :                                   -
    Max Processes :                              5
    Max Threads :                                12
    Run time :                                   155 sec.
    Turnaround time :                            168 sec.

The output (if any) follows:


Matrix:
  2.398e+01  6.445e+01  2.571e+01
  8.719e+00  5.791e+01  2.855e+01
  3.721e+00  5.441e+01  7.723e+01

Matrix after:
  3.136e+03  2.328e+03  2.323e+03
 -2.807e-14  2.112e+03  8.951e+02
 -1.205e-14 -1.067e-13  1.900e+03

Calculated vector x:
  6.572e+01  3.988e+01  2.511e+01

Real vector x:
  6.572e+01  3.988e+01  2.511e+01

Vector b:
  3.585e+08  1.376e+08  8.441e+07
===============================
[n = 3000; p = 1]
Residual norm = 1.694153e-15
Soulution error = 4.958378e-08
t1 = 153.26 sec; t2 = 0.04 sec
===============================


PS:

Read file <my_job.894285.3000.1.err> for stderr output of this job.

