Sender: LSF System <lsfadmin@polus-c3-ib.bmc.hpc.cs.msu.ru>
Subject: Job 894282: <#BSUB -n 8 -q normal;#BSUB -W 00:59;#BSUB -o "my_job.%J.1000.8.out";#BSUB -e "my_job.%J.1000.8.err";mpiexec ./run 1000> in cluster <MSUCluster> Done

Job <#BSUB -n 8 -q normal;#BSUB -W 00:59;#BSUB -o "my_job.%J.1000.8.out";#BSUB -e "my_job.%J.1000.8.err";mpiexec ./run 1000> was submitted from host <polus-ib.bmc.hpc.cs.msu.ru> by user <edu-cmc-sqi21-13> in cluster <MSUCluster> at Fri Sep 16 03:10:55 2022
Job was executed on host(s) <8*polus-c3-ib.bmc.hpc.cs.msu.ru>, in queue <normal>, as user <edu-cmc-sqi21-13> in cluster <MSUCluster> at Fri Sep 16 03:11:06 2022
</home_edu/edu-cmc-sqi21/edu-cmc-sqi21-13> was used as the home directory.
</home_edu/edu-cmc-sqi21/edu-cmc-sqi21-13/task2> was used as the working directory.
Started at Fri Sep 16 03:11:06 2022
Terminated at Fri Sep 16 03:11:09 2022
Results reported at Fri Sep 16 03:11:09 2022

Your job looked like:

------------------------------------------------------------
# LSBATCH: User input
#BSUB -n 8 -q normal
#BSUB -W 00:59
#BSUB -o "my_job.%J.1000.8.out"
#BSUB -e "my_job.%J.1000.8.err"
mpiexec ./run 1000

------------------------------------------------------------

Successfully completed.

Resource usage summary:

    CPU time :                                   8.29 sec.
    Max Memory :                                 445 MB
    Average Memory :                             297.00 MB
    Total Requested Memory :                     -
    Delta Memory :                               -
    Max Swap :                                   -
    Max Processes :                              12
    Max Threads :                                33
    Run time :                                   2 sec.
    Turnaround time :                            14 sec.

The output (if any) follows:


Matrix:
  8.100e+01  5.275e+00  2.748e+01
  6.686e+01  1.716e+01  7.264e+00
  6.396e+01  4.530e+01  5.819e+01

Matrix after:
  1.818e+03  1.346e+03  1.362e+03
 -2.605e-14  1.183e+03  5.325e+02
 -2.441e-14  2.743e-17  1.083e+03

Calculated vector x:
  2.946e+01  4.797e+01  4.432e+01

Real vector x:
  2.946e+01  4.797e+01  4.432e+01

Vector b:
  6.724e+07  2.620e+07  1.685e+07
===============================
[n = 1000; p = 8]
Residual norm = 5.152317e-16
Soulution error = 1.928328e-08
t1 = 0.87 sec; t2 = 0.01 sec
===============================


PS:

Read file <my_job.894282.1000.8.err> for stderr output of this job.

