Sender: LSF System <lsfadmin@polus-c3-ib.bmc.hpc.cs.msu.ru>
Subject: Job 894288: <#BSUB -n 8 -q normal;#BSUB -W 00:59;#BSUB -o "my_job.%J.3000.8.out";#BSUB -e "my_job.%J.3000.8.err";mpiexec ./run 3000> in cluster <MSUCluster> Done

Job <#BSUB -n 8 -q normal;#BSUB -W 00:59;#BSUB -o "my_job.%J.3000.8.out";#BSUB -e "my_job.%J.3000.8.err";mpiexec ./run 3000> was submitted from host <polus-ib.bmc.hpc.cs.msu.ru> by user <edu-cmc-sqi21-13> in cluster <MSUCluster> at Fri Sep 16 03:10:55 2022
Job was executed on host(s) <8*polus-c3-ib.bmc.hpc.cs.msu.ru>, in queue <normal>, as user <edu-cmc-sqi21-13> in cluster <MSUCluster> at Fri Sep 16 03:11:13 2022
</home_edu/edu-cmc-sqi21/edu-cmc-sqi21-13> was used as the home directory.
</home_edu/edu-cmc-sqi21/edu-cmc-sqi21-13/task2> was used as the working directory.
Started at Fri Sep 16 03:11:13 2022
Terminated at Fri Sep 16 03:11:33 2022
Results reported at Fri Sep 16 03:11:33 2022

Your job looked like:

------------------------------------------------------------
# LSBATCH: User input
#BSUB -n 8 -q normal
#BSUB -W 00:59
#BSUB -o "my_job.%J.3000.8.out"
#BSUB -e "my_job.%J.3000.8.err"
mpiexec ./run 3000

------------------------------------------------------------

Successfully completed.

Resource usage summary:

    CPU time :                                   159.42 sec.
    Max Memory :                                 506 MB
    Average Memory :                             405.00 MB
    Total Requested Memory :                     -
    Delta Memory :                               -
    Max Swap :                                   -
    Max Processes :                              12
    Max Threads :                                33
    Run time :                                   21 sec.
    Turnaround time :                            38 sec.

The output (if any) follows:


Matrix:
  8.038e+01  6.405e+00  8.533e+01
  1.645e+00  3.288e+01  2.778e+00
  5.365e+01  5.169e+01  5.766e+01

Matrix after:
  3.167e+03  2.362e+03  2.362e+03
 -5.416e-15  2.129e+03  9.408e+02
 -1.798e-13  7.761e-17  1.877e+03

Calculated vector x:
  4.471e+01  9.608e+01  7.595e+01

Real vector x:
  4.471e+01  9.608e+01  7.595e+01

Vector b:
  3.546e+08  1.342e+08  8.205e+07
===============================
[n = 3000; p = 8]
Residual norm = 1.057947e-15
Soulution error = 1.744163e-07
t1 = 19.24 sec; t2 = 0.02 sec
===============================


PS:

Read file <my_job.894288.3000.8.err> for stderr output of this job.

